[debug] [2021-10-31T16:39:22.527Z] ----------------------------------------------------------------------
[debug] [2021-10-31T16:39:22.531Z] Command:       C:\Program Files\nodejs\node.exe C:\Users\Anis\AppData\Roaming\npm\node_modules\firebase-tools\lib\bin\firebase.js init
[debug] [2021-10-31T16:39:22.531Z] CLI Version:   9.21.0
[debug] [2021-10-31T16:39:22.532Z] Platform:      win32
[debug] [2021-10-31T16:39:22.532Z] Node Version:  v14.17.1
[debug] [2021-10-31T16:39:22.541Z] Time:          Sun Oct 31 2021 22:39:22 GMT+0600 (Bangladesh Standard Time)
[debug] [2021-10-31T16:39:22.541Z] ----------------------------------------------------------------------
[debug] 
[debug] [2021-10-31T16:39:22.545Z] >>> [apiv2][query] GET https://firebase-public.firebaseio.com/cli.json [none]
[debug] [2021-10-31T16:39:22.586Z] > command requires scopes: ["email","openid","https://www.googleapis.com/auth/cloudplatformprojects.readonly","https://www.googleapis.com/auth/firebase","https://www.googleapis.com/auth/cloud-platform"]
[debug] [2021-10-31T16:39:22.587Z] > authorizing via signed-in user (anissxaman@gmail.com)
[info] 
     ######## #### ########  ######## ########     ###     ######  ########
     ##        ##  ##     ## ##       ##     ##  ##   ##  ##       ##
     ######    ##  ########  ######   ########  #########  ######  ######
     ##        ##  ##    ##  ##       ##     ## ##     ##       ## ##
     ##       #### ##     ## ######## ########  ##     ##  ######  ########

You're about to initialize a Firebase project in this directory:

  I:\important\Web-development\Programming Hero content\ass-11\Server

[debug] [2021-10-31T16:39:23.713Z] <<< [apiv2][status] GET https://firebase-public.firebaseio.com/cli.json 200
[debug] [2021-10-31T16:39:23.714Z] <<< [apiv2][body] GET https://firebase-public.firebaseio.com/cli.json {"cloudBuildErrorAfter":1594252800000,"cloudBuildWarnAfter":1590019200000,"defaultNode10After":1594252800000,"minVersion":"3.0.5","node8DeploysDisabledAfter":1613390400000,"node8RuntimeDisabledAfter":1615809600000,"node8WarnAfter":1600128000000}
